#
# A fatal error has been detected by the Java Runtime Environment:
#
#  SIGSEGV (0xb) at pc=0x00007fff910dc7f2, pid=28076, tid=4103
#
# JRE version: Java(TM) SE Runtime Environment (7.0_51-b13) (build 1.7.0_51-b13)
# Java VM: Java HotSpot(TM) 64-Bit Server VM (24.51-b03 mixed mode bsd-amd64 compressed oops)
# Problematic frame:
# C  [libsystem_c.dylib+0x17f2]  memmove$VARIANT$sse3x+0x5ca
#
# Failed to write core dump. Core dumps have been disabled. To enable core dumping, try "ulimit -c unlimited" before starting Java again
#
# If you would like to submit a bug report, please visit:
#   http://bugreport.sun.com/bugreport/crash.jsp
# The crash happened outside the Java Virtual Machine in native code.
# See problematic frame for where to report the bug.
#

---------------  T H R E A D  ---------------

Current thread (0x00007f9dbb001000):  JavaThread "main" [_thread_in_native, id=4103, stack(0x000000010b719000,0x000000010b819000)]

siginfo:si_signo=SIGSEGV: si_errno=0, si_code=1 (SEGV_MAPERR), si_addr=0x000000019a29a000

Registers:
RAX=0x00007fff910dc7e0, RBX=0x000000019a298fef, RCX=0xffffffffffffe340, RDX=0x000000000000000d
RSP=0x000000010b816550, RBP=0x000000010b816550, RSI=0x000000019a29bc9d, RDI=0x00007f9dbb0b4880
R8 =0x00007fff910dc2b4, R9 =0x0000000000000000, R10=0x0000000000017a00, R11=0x00007f9dbb0b1c00
R12=0x00000000000a0314, R13=0x0000000000170000, R14=0x0000000000080800, R15=0x00000000000044ac
RIP=0x00007fff910dc7f2, EFLAGS=0x0000000000010282, ERR=0x0000000000000004
  TRAPNO=0x000000000000000e

Top of Stack: (sp=0x000000010b816550)
0x000000010b816550:   000000010b8165c0 000000010b8e822b
0x000000010b816560:   000000ac0b8169b0 0000000000000044
0x000000010b816570:   000000000000661b 00007f9dbb0b1c00
0x000000010b816580:   0000000000002c8d 00007f9dba82ba60
0x000000010b816590:   00007f9dba830060 000000000a44520c
0x000000010b8165a0:   00000000000002d0 00007f9dba82bc20
0x000000010b8165b0:   00007f9dba82ba60 00007f9dba830330
0x000000010b8165c0:   000000010b816610 000000010b8e8725
0x000000010b8165d0:   0000000000000017 00000017bb001000
0x000000010b8165e0:   000000010b81662e 000000010b816af8
0x000000010b8165f0:   0000000000000017 000000010b81662e
0x000000010b816600:   00007f9dba82ba60 00007f9dbb0011e8
0x000000010b816610:   000000010b816a60 000000010b8e7570
0x000000010b816620:   0000000000000000 6172000000000001
0x000000010b816630:   6568636c616b6964 2e65766f4d2f7373
0x000000010b816640:   0000007373616c63 00007f9d00000000
0x000000010b816650:   00007f9d00000278 0000000100000000
0x000000010b816660:   0000000000000000 0000000100000000
0x000000010b816670:   0000000000000000 00007f9d00000000
0x000000010b816680:   0000000000000000 0000000100000000
0x000000010b816690:   00007f9d00000000 00007f9d00000000
0x000000010b8166a0:   0000000100000000 0000000000000000
0x000000010b8166b0:   0000000000000000 000000010ed1d5e8
0x000000010b8166c0:   0000000100000000 000000010ece09f0
0x000000010b8166d0:   00007f9d0ed4b7d8 00007f9d00000000
0x000000010b8166e0:   00007f9d00000000 0000000100000000
0x000000010b8166f0:   000000000ed4ac68 0000000100000000
0x000000010b816700:   0000000100000278 00007f9d00000000
0x000000010b816710:   bd070f0000000000 0000000100000000
0x000000010b816720:   0000000000000000 0000000100000000
0x000000010b816730:   0000000100000000 00007fff00000000
0x000000010b816740:   0000000100000000 0000000100000000 

Instructions: (pc=0x00007fff910dc7f2)
0x00007fff910dc7d2:   64 0f 30 48 83 c1 40 75 b5 e9 60 fa ff ff 66 0f
0x00007fff910dc7e2:   6f 44 0e f3 66 0f 6f 4c 0e 03 66 0f 6f 54 0e 13
0x00007fff910dc7f2:   66 0f 6f 5c 0e 23 66 0f 6f 64 0e 33 66 0f 6f e8
0x00007fff910dc802:   66 0f 6f c4 66 0f 3a 0f e3 0d 66 0f 3a 0f da 0d 

Register to memory mapping:

RAX=0x00007fff910dc7e0: memmove$VARIANT$sse3x+0x5b8 in /usr/lib/system/libsystem_c.dylib at 0x00007fff910db000
RBX=0x000000019a298fef is an unknown value
RCX=0xffffffffffffe340 is an unknown value
RDX=0x000000000000000d is an unknown value
RSP=0x000000010b816550 is pointing into the stack for thread: 0x00007f9dbb001000
RBP=0x000000010b816550 is pointing into the stack for thread: 0x00007f9dbb001000
RSI=0x000000019a29bc9d is an unknown value
RDI=0x00007f9dbb0b4880 is an unknown value
R8 =0x00007fff910dc2b4: memmove$VARIANT$sse3x+0x8c in /usr/lib/system/libsystem_c.dylib at 0x00007fff910db000
R9 =0x0000000000000000 is an unknown value
R10=0x0000000000017a00 is an unknown value
R11=0x00007f9dbb0b1c00 is an unknown value
R12=0x00000000000a0314 is an unknown value
R13=0x0000000000170000 is an unknown value
R14=0x0000000000080800 is an unknown value
R15=0x00000000000044ac is an unknown value


Stack: [0x000000010b719000,0x000000010b819000],  sp=0x000000010b816550,  free space=1013k
Native frames: (J=compiled Java code, j=interpreted, Vv=VM code, C=native code)
C  [libsystem_c.dylib+0x17f2]  memmove$VARIANT$sse3x+0x5ca
C  [libzip.dylib+0x322b]  newEntry+0x2c8
C  [libzip.dylib+0x3725]  ZIP_GetEntry+0xa2
C  [libzip.dylib+0x2570]  Java_java_util_zip_ZipFile_getEntry+0xdd
j  java.util.zip.ZipFile.getEntry(J[BZ)J+0
j  java.util.zip.ZipFile.getEntry(Ljava/lang/String;)Ljava/util/zip/ZipEntry;+38
j  java.util.jar.JarFile.getEntry(Ljava/lang/String;)Ljava/util/zip/ZipEntry;+2
j  java.util.jar.JarFile.getJarEntry(Ljava/lang/String;)Ljava/util/jar/JarEntry;+2
j  sun.misc.URLClassPath$JarLoader.getResource(Ljava/lang/String;Z)Lsun/misc/Resource;+48
j  sun.misc.URLClassPath.getResource(Ljava/lang/String;Z)Lsun/misc/Resource;+53
j  java.net.URLClassLoader$1.run()Ljava/lang/Class;+26
j  java.net.URLClassLoader$1.run()Ljava/lang/Object;+1
v  ~StubRoutines::call_stub
V  [libjvm.dylib+0x2d6bb0]  JavaCalls::call_helper(JavaValue*, methodHandle*, JavaCallArguments*, Thread*)+0x22a
V  [libjvm.dylib+0x2d6980]  JavaCalls::call(JavaValue*, methodHandle, JavaCallArguments*, Thread*)+0x28
V  [libjvm.dylib+0x32a264]  JVM_DoPrivileged+0x411
j  java.security.AccessController.doPrivileged(Ljava/security/PrivilegedExceptionAction;Ljava/security/AccessControlContext;)Ljava/lang/Object;+0
j  java.net.URLClassLoader.findClass(Ljava/lang/String;)Ljava/lang/Class;+13
j  java.lang.ClassLoader.loadClass(Ljava/lang/String;Z)Ljava/lang/Class;+70
j  sun.misc.Launcher$AppClassLoader.loadClass(Ljava/lang/String;Z)Ljava/lang/Class;+36
j  java.lang.ClassLoader.loadClass(Ljava/lang/String;)Ljava/lang/Class;+3
v  ~StubRoutines::call_stub
V  [libjvm.dylib+0x2d6bb0]  JavaCalls::call_helper(JavaValue*, methodHandle*, JavaCallArguments*, Thread*)+0x22a
V  [libjvm.dylib+0x2d70c7]  JavaCalls::call_virtual(JavaValue*, KlassHandle, Symbol*, Symbol*, JavaCallArguments*, Thread*)+0x11b
V  [libjvm.dylib+0x2d71b0]  JavaCalls::call_virtual(JavaValue*, Handle, KlassHandle, Symbol*, Symbol*, Handle, Thread*)+0x56
V  [libjvm.dylib+0x4c3b16]  SystemDictionary::load_instance_class(Symbol*, Handle, Thread*)+0x300
V  [libjvm.dylib+0x4c34a7]  SystemDictionary::resolve_instance_class_or_null(Symbol*, Handle, Handle, Thread*)+0x473
V  [libjvm.dylib+0x4c3d5a]  SystemDictionary::resolve_or_null(Symbol*, Handle, Handle, Thread*)+0x104
V  [libjvm.dylib+0x4c418b]  SystemDictionary::resolve_or_fail(Symbol*, Handle, Handle, bool, Thread*)+0x31
V  [libjvm.dylib+0x1e85ba]  constantPoolOopDesc::klass_at_impl(constantPoolHandle, int, Thread*)+0x1fa
V  [libjvm.dylib+0x39cee4]  LinkResolver::resolve_klass(KlassHandle&, constantPoolHandle, int, Thread*)+0x20
V  [libjvm.dylib+0x39cf4e]  LinkResolver::resolve_pool(KlassHandle&, Symbol*&, Symbol*&, KlassHandle&, constantPoolHandle, int, Thread*)+0x32
V  [libjvm.dylib+0x39f480]  LinkResolver::resolve_invokestatic(CallInfo&, constantPoolHandle, int, Thread*)+0x50
V  [libjvm.dylib+0x2d1d42]  InterpreterRuntime::resolve_invoke(JavaThread*, Bytecodes::Code)+0x226
j  radikalchess.Main$3.execute([Ljava/lang/String;)Lradikalchess/Main$Return;+3
j  radikalchess.Main.repl()V+212
j  radikalchess.Main.main([Ljava/lang/String;)V+7
v  ~StubRoutines::call_stub
V  [libjvm.dylib+0x2d6bb0]  JavaCalls::call_helper(JavaValue*, methodHandle*, JavaCallArguments*, Thread*)+0x22a
V  [libjvm.dylib+0x2d6980]  JavaCalls::call(JavaValue*, methodHandle, JavaCallArguments*, Thread*)+0x28
V  [libjvm.dylib+0x30a124]  jni_invoke_static(JNIEnv_*, JavaValue*, _jobject*, JNICallType, _jmethodID*, JNI_ArgumentPusher*, Thread*)+0xe6
V  [libjvm.dylib+0x3032bf]  jni_CallStaticVoidMethod+0x10b
C  [java+0x30fe]  JavaMain+0x91d
C  [libsystem_c.dylib+0x147a2]  _pthread_start+0x147
C  [libsystem_c.dylib+0x11e1]  thread_start+0xd

Java frames: (J=compiled Java code, j=interpreted, Vv=VM code)
j  java.util.zip.ZipFile.getEntry(J[BZ)J+0
j  java.util.zip.ZipFile.getEntry(Ljava/lang/String;)Ljava/util/zip/ZipEntry;+38
j  java.util.jar.JarFile.getEntry(Ljava/lang/String;)Ljava/util/zip/ZipEntry;+2
j  java.util.jar.JarFile.getJarEntry(Ljava/lang/String;)Ljava/util/jar/JarEntry;+2
j  sun.misc.URLClassPath$JarLoader.getResource(Ljava/lang/String;Z)Lsun/misc/Resource;+48
j  sun.misc.URLClassPath.getResource(Ljava/lang/String;Z)Lsun/misc/Resource;+53
j  java.net.URLClassLoader$1.run()Ljava/lang/Class;+26
j  java.net.URLClassLoader$1.run()Ljava/lang/Object;+1
v  ~StubRoutines::call_stub
j  java.security.AccessController.doPrivileged(Ljava/security/PrivilegedExceptionAction;Ljava/security/AccessControlContext;)Ljava/lang/Object;+0
j  java.net.URLClassLoader.findClass(Ljava/lang/String;)Ljava/lang/Class;+13
j  java.lang.ClassLoader.loadClass(Ljava/lang/String;Z)Ljava/lang/Class;+70
j  sun.misc.Launcher$AppClassLoader.loadClass(Ljava/lang/String;Z)Ljava/lang/Class;+36
j  java.lang.ClassLoader.loadClass(Ljava/lang/String;)Ljava/lang/Class;+3
v  ~StubRoutines::call_stub
j  radikalchess.Main$3.execute([Ljava/lang/String;)Lradikalchess/Main$Return;+3
j  radikalchess.Main.repl()V+212
j  radikalchess.Main.main([Ljava/lang/String;)V+7
v  ~StubRoutines::call_stub

---------------  P R O C E S S  ---------------

Java Threads: ( => current thread )
  0x00007f9dbb04b800 JavaThread "Service Thread" daemon [_thread_blocked, id=22019, stack(0x000000019a04e000,0x000000019a14e000)]
  0x00007f9dbb04a800 JavaThread "C2 CompilerThread1" daemon [_thread_blocked, id=21507, stack(0x0000000199f4b000,0x000000019a04b000)]
  0x00007f9dbb04c000 JavaThread "C2 CompilerThread0" daemon [_thread_blocked, id=20995, stack(0x0000000199e48000,0x0000000199f48000)]
  0x00007f9dba029000 JavaThread "Signal Dispatcher" daemon [_thread_blocked, id=20483, stack(0x0000000199d45000,0x0000000199e45000)]
  0x00007f9dbb047000 JavaThread "Finalizer" daemon [_thread_blocked, id=15875, stack(0x0000000199a73000,0x0000000199b73000)]
  0x00007f9dbb044800 JavaThread "Reference Handler" daemon [_thread_blocked, id=15363, stack(0x0000000199970000,0x0000000199a70000)]
=>0x00007f9dbb001000 JavaThread "main" [_thread_in_native, id=4103, stack(0x000000010b719000,0x000000010b819000)]

Other Threads:
  0x00007f9dbb043800 VMThread [stack: 0x000000019986d000,0x000000019996d000] [id=14851]
  0x00007f9dbb06e800 WatcherThread [stack: 0x000000019a151000,0x000000019a251000] [id=22531]

VM state:not at safepoint (normal execution)

VM Mutex/Monitor currently owned by a thread: None

Heap
 PSYoungGen      total 38912K, used 2030K [0x0000000169180000, 0x000000016bc80000, 0x0000000193c80000)
  eden space 33792K, 6% used [0x0000000169180000,0x000000016937ba30,0x000000016b280000)
  from space 5120K, 0% used [0x000000016b780000,0x000000016b780000,0x000000016bc80000)
  to   space 5120K, 0% used [0x000000016b280000,0x000000016b280000,0x000000016b780000)
 ParOldGen       total 87040K, used 0K [0x0000000113c80000, 0x0000000119180000, 0x0000000169180000)
  object space 87040K, 0% used [0x0000000113c80000,0x0000000113c80000,0x0000000119180000)
 PSPermGen       total 21504K, used 2885K [0x000000010ea80000, 0x000000010ff80000, 0x0000000113c80000)
  object space 21504K, 13% used [0x000000010ea80000,0x000000010ed51468,0x000000010ff80000)

Card table byte_map: [0x0000000193c80000,0x00000001940aa000] byte_map_base: 0x000000019340ac00

Polling page: 0x000000010b858000

Code Cache  [0x000000010b8ee000, 0x000000010bb5e000, 0x000000010e8ee000)
 total_blobs=188 nmethods=4 adapters=139 free_code_cache=48763Kb largest_free_block=49916032

Compilation events (8 events):
Event: 0.092 Thread 0x00007f9dbb04c000    1             java.lang.String::hashCode (55 bytes)
Event: 0.100 Thread 0x00007f9dbb04c000 nmethod 1 0x000000010b94e750 code [0x000000010b94e8a0, 0x000000010b94ea18]
Event: 0.100 Thread 0x00007f9dbb04c000    2             java.lang.String::indexOf (70 bytes)
Event: 0.103 Thread 0x00007f9dbb04c000 nmethod 2 0x000000010b94e350 code [0x000000010b94e4a0, 0x000000010b94e648]
Event: 0.113 Thread 0x00007f9dbb04a800    3             sun.nio.cs.UTF_8$Encoder::encode (361 bytes)
Event: 0.121 Thread 0x00007f9dbb04a800 nmethod 3 0x000000010b94d750 code [0x000000010b94d8c0, 0x000000010b94dde8]
Event: 0.134 Thread 0x00007f9dbb04c000    4             java.lang.String::lastIndexOf (52 bytes)
Event: 0.137 Thread 0x00007f9dbb04c000 nmethod 4 0x000000010b951b50 code [0x000000010b951ca0, 0x000000010b951e28]

GC Heap History (0 events):
No events

Deoptimization events (0 events):
No events

Internal exceptions (10 events):
Event: 0.132 Thread 0x00007f9dbb001000 Threw 0x00000001692c5d50 at /HUDSON/workspace/7u-2-build-macosx-x86_64/jdk7u51/527/hotspot/src/share/vm/prims/jvm.cpp:1244
Event: 0.133 Thread 0x00007f9dbb001000 Threw 0x00000001692c9b50 at /HUDSON/workspace/7u-2-build-macosx-x86_64/jdk7u51/527/hotspot/src/share/vm/prims/jvm.cpp:1244
Event: 0.133 Thread 0x00007f9dbb001000 Threw 0x00000001692cdac0 at /HUDSON/workspace/7u-2-build-macosx-x86_64/jdk7u51/527/hotspot/src/share/vm/prims/jvm.cpp:1244
Event: 0.134 Thread 0x00007f9dbb001000 Threw 0x00000001692d0cb0 at /HUDSON/workspace/7u-2-build-macosx-x86_64/jdk7u51/527/hotspot/src/share/vm/prims/jvm.cpp:1244
Event: 0.134 Thread 0x00007f9dbb001000 Threw 0x00000001692d4e08 at /HUDSON/workspace/7u-2-build-macosx-x86_64/jdk7u51/527/hotspot/src/share/vm/prims/jvm.cpp:1244
Event: 0.135 Thread 0x00007f9dbb001000 Threw 0x00000001692d8980 at /HUDSON/workspace/7u-2-build-macosx-x86_64/jdk7u51/527/hotspot/src/share/vm/prims/jvm.cpp:1244
Event: 0.135 Thread 0x00007f9dbb001000 Threw 0x00000001692dbd58 at /HUDSON/workspace/7u-2-build-macosx-x86_64/jdk7u51/527/hotspot/src/share/vm/prims/jvm.cpp:1244
Event: 0.136 Thread 0x00007f9dbb001000 Threw 0x00000001692df418 at /HUDSON/workspace/7u-2-build-macosx-x86_64/jdk7u51/527/hotspot/src/share/vm/prims/jvm.cpp:1244
Event: 0.136 Thread 0x00007f9dbb001000 Threw 0x00000001692e27f8 at /HUDSON/workspace/7u-2-build-macosx-x86_64/jdk7u51/527/hotspot/src/share/vm/prims/jvm.cpp:1244
Event: 1867.638 Thread 0x00007f9dbb001000 Threw 0x00000001692ef570 at /HUDSON/workspace/7u-2-build-macosx-x86_64/jdk7u51/527/hotspot/src/share/vm/prims/jvm.cpp:1244

Events (10 events):
Event: 3.314 loading class 0x00007f9dbb00e180
Event: 3.314 loading class 0x0000000198c64200
Event: 3.315 loading class 0x0000000198c64200 done
Event: 3.315 loading class 0x00007f9dbb00e180 done
Event: 3.316 loading class 0x0000000198c6bc30
Event: 3.316 loading class 0x0000000198c6bc30 done
Event: 4.096 Executing VM operation: EnableBiasedLocking
Event: 4.097 Executing VM operation: EnableBiasedLocking done
Event: 1867.638 loading class 0x00007f9dba82cef0
Event: 1867.638 loading class 0x00007f9dba82cef0 done


Dynamic libraries:
0x000000000c35d000 	/System/Library/Frameworks/Cocoa.framework/Versions/A/Cocoa
0x000000000c35d000 	/System/Library/Frameworks/Security.framework/Versions/A/Security
0x000000000c35d000 	/System/Library/Frameworks/ApplicationServices.framework/Versions/A/ApplicationServices
0x000000000c35d000 	/usr/lib/libz.1.dylib
0x000000000c35d000 	/usr/lib/libSystem.B.dylib
0x000000000c35d000 	/usr/lib/libobjc.A.dylib
0x000000000c35d000 	/System/Library/Frameworks/CoreFoundation.framework/Versions/A/CoreFoundation
0x000000000c35d000 	/System/Library/Frameworks/Foundation.framework/Versions/C/Foundation
0x000000000c35d000 	/System/Library/Frameworks/AppKit.framework/Versions/C/AppKit
0x000000000c35d000 	/System/Library/Frameworks/CoreData.framework/Versions/A/CoreData
0x000000000c35d000 	/System/Library/PrivateFrameworks/RemoteViewServices.framework/Versions/A/RemoteViewServices
0x000000000c35d000 	/System/Library/Frameworks/AudioToolbox.framework/Versions/A/AudioToolbox
0x000000000c35d000 	/System/Library/Frameworks/AudioUnit.framework/Versions/A/AudioUnit
0x000000000c35d000 	/System/Library/PrivateFrameworks/DataDetectorsCore.framework/Versions/A/DataDetectorsCore
0x000000000c35d000 	/System/Library/PrivateFrameworks/DesktopServicesPriv.framework/Versions/A/DesktopServicesPriv
0x000000000c35d000 	/System/Library/Frameworks/Carbon.framework/Versions/A/Frameworks/HIToolbox.framework/Versions/A/HIToolbox
0x000000000c35d000 	/System/Library/Frameworks/QuartzCore.framework/Versions/A/QuartzCore
0x000000000c35d000 	/System/Library/Frameworks/Carbon.framework/Versions/A/Frameworks/SpeechRecognition.framework/Versions/A/SpeechRecognition
0x000000000c35d000 	/usr/lib/libauto.dylib
0x000000000c35d000 	/usr/lib/libicucore.A.dylib
0x000000000c35d000 	/usr/lib/libxml2.2.dylib
0x000000000c35d000 	/System/Library/PrivateFrameworks/CoreUI.framework/Versions/A/CoreUI
0x000000000c35d000 	/System/Library/Frameworks/CoreAudio.framework/Versions/A/CoreAudio
0x000000000c35d000 	/System/Library/Frameworks/DiskArbitration.framework/Versions/A/DiskArbitration
0x000000000c35d000 	/usr/lib/liblangid.dylib
0x000000000c35d000 	/System/Library/PrivateFrameworks/MultitouchSupport.framework/Versions/A/MultitouchSupport
0x000000000c35d000 	/System/Library/Frameworks/IOKit.framework/Versions/A/IOKit
0x000000000c35d000 	/usr/lib/libDiagnosticMessagesClient.dylib
0x000000000c35d000 	/System/Library/Frameworks/CoreServices.framework/Versions/A/CoreServices
0x000000000c35d000 	/System/Library/PrivateFrameworks/PerformanceAnalysis.framework/Versions/A/PerformanceAnalysis
0x000000000c35d000 	/System/Library/PrivateFrameworks/GenerationalStorage.framework/Versions/A/GenerationalStorage
0x000000000c35d000 	/System/Library/Frameworks/OpenGL.framework/Versions/A/OpenGL
0x000000000c35d000 	/System/Library/Frameworks/CoreText.framework/Versions/A/CoreText
0x000000000c35d000 	/System/Library/Frameworks/ImageIO.framework/Versions/A/ImageIO
0x000000000c35d000 	/System/Library/PrivateFrameworks/Backup.framework/Versions/A/Backup
0x000000000c35d000 	/System/Library/Frameworks/CFNetwork.framework/Versions/A/CFNetwork
0x000000000c35d000 	/System/Library/Frameworks/SystemConfiguration.framework/Versions/A/SystemConfiguration
0x000000000c35d000 	/usr/lib/libCRFSuite.dylib
0x000000000c35d000 	/System/Library/PrivateFrameworks/TCC.framework/Versions/A/TCC
0x000000000c35d000 	/usr/lib/libc++.1.dylib
0x000000000c35d000 	/usr/lib/libc++abi.dylib
0x000000000c35d000 	/usr/lib/system/libcache.dylib
0x000000000c35d000 	/usr/lib/system/libcommonCrypto.dylib
0x000000000c35d000 	/usr/lib/system/libcompiler_rt.dylib
0x000000000c35d000 	/usr/lib/system/libcopyfile.dylib
0x000000000c35d000 	/usr/lib/system/libdispatch.dylib
0x000000000c35d000 	/usr/lib/system/libdnsinfo.dylib
0x000000000c35d000 	/usr/lib/system/libdyld.dylib
0x000000000c35d000 	/usr/lib/system/libkeymgr.dylib
0x000000000c35d000 	/usr/lib/system/liblaunch.dylib
0x000000000c35d000 	/usr/lib/system/libmacho.dylib
0x000000000c35d000 	/usr/lib/system/libquarantine.dylib
0x000000000c35d000 	/usr/lib/system/libremovefile.dylib
0x000000000c35d000 	/usr/lib/system/libsystem_blocks.dylib
0x000000000c35d000 	/usr/lib/system/libsystem_c.dylib
0x000000000c35d000 	/usr/lib/system/libsystem_dnssd.dylib
0x000000000c35d000 	/usr/lib/system/libsystem_info.dylib
0x000000000c35d000 	/usr/lib/system/libsystem_kernel.dylib
0x000000000c35d000 	/usr/lib/system/libsystem_m.dylib
0x000000000c35d000 	/usr/lib/system/libsystem_network.dylib
0x000000000c35d000 	/usr/lib/system/libsystem_notify.dylib
0x000000000c35d000 	/usr/lib/system/libsystem_sandbox.dylib
0x000000000c35d000 	/usr/lib/system/libunc.dylib
0x000000000c35d000 	/usr/lib/system/libunwind.dylib
0x000000000c35d000 	/usr/lib/system/libxpc.dylib
0x000000000c35d000 	/usr/lib/system/libcorecrypto.dylib
0x000000000c35d000 	/usr/lib/libstdc++.6.dylib
0x000000000c35d000 	/usr/lib/libbsm.0.dylib
0x000000000c35d000 	/usr/lib/libsqlite3.dylib
0x000000000c35d000 	/usr/lib/libxar.1.dylib
0x000000000c35d000 	/usr/lib/libpam.2.dylib
0x000000000c35d000 	/usr/lib/libOpenScriptingUtil.dylib
0x000000000c35d000 	/usr/lib/libbz2.1.0.dylib
0x000000000c35d000 	/System/Library/Frameworks/CoreServices.framework/Versions/A/Frameworks/CarbonCore.framework/Versions/A/CarbonCore
0x000000000c35d000 	/System/Library/Frameworks/CoreServices.framework/Versions/A/Frameworks/Metadata.framework/Versions/A/Metadata
0x000000000c35d000 	/System/Library/Frameworks/CoreServices.framework/Versions/A/Frameworks/OSServices.framework/Versions/A/OSServices
0x000000000c35d000 	/System/Library/Frameworks/CoreServices.framework/Versions/A/Frameworks/SearchKit.framework/Versions/A/SearchKit
0x000000000c35d000 	/System/Library/Frameworks/CoreServices.framework/Versions/A/Frameworks/AE.framework/Versions/A/AE
0x000000000c35d000 	/System/Library/Frameworks/CoreServices.framework/Versions/A/Frameworks/LaunchServices.framework/Versions/A/LaunchServices
0x000000000c35d000 	/System/Library/Frameworks/CoreServices.framework/Versions/A/Frameworks/DictionaryServices.framework/Versions/A/DictionaryServices
0x000000000c35d000 	/System/Library/Frameworks/NetFS.framework/Versions/A/NetFS
0x000000000c35d000 	/usr/lib/system/libkxld.dylib
0x000000000c35d000 	/System/Library/PrivateFrameworks/NetAuth.framework/Versions/A/NetAuth
0x000000000c35d000 	/System/Library/Frameworks/OpenDirectory.framework/Versions/A/Frameworks/CFOpenDirectory.framework/Versions/A/CFOpenDirectory
0x000000000c35d000 	/usr/lib/libxslt.1.dylib
0x000000000c35d000 	/System/Library/PrivateFrameworks/FamilyControls.framework/Versions/A/FamilyControls
0x000000000c35d000 	/System/Library/Frameworks/Carbon.framework/Versions/A/Frameworks/Ink.framework/Versions/A/Ink
0x000000000c35d000 	/System/Library/Frameworks/ApplicationServices.framework/Versions/A/Frameworks/CoreGraphics.framework/Versions/A/CoreGraphics
0x000000000c35d000 	/System/Library/Frameworks/ApplicationServices.framework/Versions/A/Frameworks/ATS.framework/Versions/A/ATS
0x000000000c35d000 	/System/Library/Frameworks/ApplicationServices.framework/Versions/A/Frameworks/ColorSync.framework/Versions/A/ColorSync
0x000000000c35d000 	/System/Library/Frameworks/ApplicationServices.framework/Versions/A/Frameworks/HIServices.framework/Versions/A/HIServices
0x000000000c35d000 	/System/Library/Frameworks/ApplicationServices.framework/Versions/A/Frameworks/LangAnalysis.framework/Versions/A/LangAnalysis
0x000000000c35d000 	/System/Library/Frameworks/ApplicationServices.framework/Versions/A/Frameworks/PrintCore.framework/Versions/A/PrintCore
0x000000000c35d000 	/System/Library/Frameworks/ApplicationServices.framework/Versions/A/Frameworks/QD.framework/Versions/A/QD
0x000000000c35d000 	/System/Library/Frameworks/ApplicationServices.framework/Versions/A/Frameworks/SpeechSynthesis.framework/Versions/A/SpeechSynthesis
0x000000000c35d000 	/System/Library/Frameworks/IOSurface.framework/Versions/A/IOSurface
0x000000000c35d000 	/System/Library/Frameworks/Accelerate.framework/Versions/A/Accelerate
0x000000000c35d000 	/System/Library/Frameworks/ApplicationServices.framework/Versions/A/Frameworks/ATS.framework/Versions/A/Resources/libFontParser.dylib
0x000000000c35d000 	/System/Library/Frameworks/ApplicationServices.framework/Versions/A/Frameworks/ATS.framework/Versions/A/Resources/libFontRegistry.dylib
0x000000000c35d000 	/System/Library/Frameworks/Accelerate.framework/Versions/A/Frameworks/vImage.framework/Versions/A/vImage
0x000000000c35d000 	/System/Library/Frameworks/Accelerate.framework/Versions/A/Frameworks/vecLib.framework/Versions/A/vecLib
0x000000000c35d000 	/System/Library/Frameworks/Accelerate.framework/Versions/A/Frameworks/vecLib.framework/Versions/A/libvDSP.dylib
0x000000000c35d000 	/System/Library/Frameworks/Accelerate.framework/Versions/A/Frameworks/vecLib.framework/Versions/A/libvMisc.dylib
0x000000000c35d000 	/System/Library/Frameworks/Accelerate.framework/Versions/A/Frameworks/vecLib.framework/Versions/A/libLAPACK.dylib
0x000000000c35d000 	/System/Library/Frameworks/Accelerate.framework/Versions/A/Frameworks/vecLib.framework/Versions/A/libBLAS.dylib
0x000000000c35d000 	/System/Library/Frameworks/ImageIO.framework/Versions/A/Resources/libJPEG.dylib
0x000000000c35d000 	/System/Library/Frameworks/ImageIO.framework/Versions/A/Resources/libTIFF.dylib
0x000000000c35d000 	/System/Library/Frameworks/ImageIO.framework/Versions/A/Resources/libPng.dylib
0x000000000c35d000 	/System/Library/Frameworks/ImageIO.framework/Versions/A/Resources/libGIF.dylib
0x000000000c35d000 	/System/Library/Frameworks/ImageIO.framework/Versions/A/Resources/libJP2.dylib
0x000000000c35d000 	/System/Library/Frameworks/ImageIO.framework/Versions/A/Resources/libRadiance.dylib
0x000000000c35d000 	/usr/lib/libcups.2.dylib
0x000000000c35d000 	/System/Library/Frameworks/Kerberos.framework/Versions/A/Kerberos
0x000000000c35d000 	/System/Library/Frameworks/GSS.framework/Versions/A/GSS
0x000000000c35d000 	/usr/lib/libresolv.9.dylib
0x000000000c35d000 	/usr/lib/libiconv.2.dylib
0x000000000c35d000 	/System/Library/PrivateFrameworks/Heimdal.framework/Versions/A/Heimdal
0x000000000c35d000 	/System/Library/PrivateFrameworks/TrustEvaluationAgent.framework/Versions/A/TrustEvaluationAgent
0x000000000c35d000 	/System/Library/Frameworks/OpenDirectory.framework/Versions/A/OpenDirectory
0x000000000c35d000 	/System/Library/PrivateFrameworks/CommonAuth.framework/Versions/A/CommonAuth
0x000000000c35d000 	/System/Library/PrivateFrameworks/Bom.framework/Versions/A/Bom
0x000000000c35d000 	/System/Library/Frameworks/CoreVideo.framework/Versions/A/CoreVideo
0x000000000c35d000 	/System/Library/Frameworks/QuartzCore.framework/Versions/A/Frameworks/CoreImage.framework/Versions/A/CoreImage
0x000000000c35d000 	/System/Library/Frameworks/QuartzCore.framework/Versions/A/Frameworks/ScalableUserInterface.framework/Versions/A/ScalableUserInterface
0x000000000c35d000 	/System/Library/Frameworks/OpenGL.framework/Versions/A/Libraries/libGLU.dylib
0x000000000c35d000 	/System/Library/Frameworks/OpenGL.framework/Versions/A/Libraries/libGFXShared.dylib
0x000000000c35d000 	/System/Library/Frameworks/OpenGL.framework/Versions/A/Libraries/libGL.dylib
0x000000000c35d000 	/System/Library/Frameworks/OpenGL.framework/Versions/A/Libraries/libGLImage.dylib
0x000000000c35d000 	/System/Library/Frameworks/OpenGL.framework/Versions/A/Libraries/libCVMSPluginSupport.dylib
0x000000000c35d000 	/System/Library/Frameworks/OpenGL.framework/Versions/A/Libraries/libCoreVMClient.dylib
0x000000000c35d000 	/System/Library/PrivateFrameworks/CrashReporterSupport.framework/Versions/A/CrashReporterSupport
0x000000000c35d000 	/System/Library/Frameworks/OpenCL.framework/Versions/A/OpenCL
0x000000000c35d000 	/System/Library/PrivateFrameworks/FaceCoreLight.framework/Versions/A/FaceCoreLight
0x000000000c35d000 	/System/Library/PrivateFrameworks/AppleFSCompression.framework/Versions/A/AppleFSCompression
0x000000000c35d000 	/System/Library/PrivateFrameworks/Ubiquity.framework/Versions/A/Ubiquity
0x000000000c35d000 	/System/Library/Frameworks/ServiceManagement.framework/Versions/A/ServiceManagement
0x000000000c35d000 	/System/Library/PrivateFrameworks/ChunkingLibrary.framework/Versions/A/ChunkingLibrary
0x000000000c35d000 	/System/Library/Frameworks/vecLib.framework/Versions/A/vecLib
0x000000000c35d000 	/System/Library/Frameworks/SecurityFoundation.framework/Versions/A/SecurityFoundation
0x000000000c35d000 	/System/Library/PrivateFrameworks/CommerceKit.framework/Versions/A/Frameworks/CommerceCore.framework/Versions/A/CommerceCore
0x000000000c35d000 	/System/Library/PrivateFrameworks/CoreSymbolication.framework/Versions/A/CoreSymbolication
0x000000000c35d000 	/System/Library/PrivateFrameworks/Symbolication.framework/Versions/A/Symbolication
0x000000000c35d000 	/System/Library/PrivateFrameworks/DebugSymbols.framework/Versions/A/DebugSymbols
0x000000010acc5000 	/Library/Java/JavaVirtualMachines/jdk1.7.0_51.jdk/Contents/Home/jre/lib/server/libjvm.dylib
0x000000010b81b000 	/Library/Java/JavaVirtualMachines/jdk1.7.0_51.jdk/Contents/Home/jre/lib/libverify.dylib
0x000000010b828000 	/Library/Java/JavaVirtualMachines/jdk1.7.0_51.jdk/Contents/Home/jre/lib/libjava.dylib
0x000000010b8e5000 	/Library/Java/JavaVirtualMachines/jdk1.7.0_51.jdk/Contents/Home/jre/lib/libzip.dylib
0x0000000199b75000 	/System/Library/Frameworks/JavaVM.framework/Frameworks/JavaRuntimeSupport.framework/JavaRuntimeSupport
0x0000000199b8d000 	/System/Library/Frameworks/JavaVM.framework/Versions/A/Frameworks/JavaNativeFoundation.framework/Versions/A/JavaNativeFoundation
0x0000000199ba2000 	/System/Library/Frameworks/JavaVM.framework/Versions/A/JavaVM
0x000000000c35d000 	/System/Library/Frameworks/Carbon.framework/Versions/A/Carbon
0x0000000199baf000 	/System/Library/PrivateFrameworks/JavaLaunching.framework/Versions/A/JavaLaunching
0x000000000c35d000 	/System/Library/Frameworks/Carbon.framework/Versions/A/Frameworks/CommonPanels.framework/Versions/A/CommonPanels
0x000000000c35d000 	/System/Library/Frameworks/Carbon.framework/Versions/A/Frameworks/Help.framework/Versions/A/Help
0x000000000c35d000 	/System/Library/Frameworks/Carbon.framework/Versions/A/Frameworks/ImageCapture.framework/Versions/A/ImageCapture
0x000000000c35d000 	/System/Library/Frameworks/Carbon.framework/Versions/A/Frameworks/OpenScripting.framework/Versions/A/OpenScripting
0x000000000c35d000 	/System/Library/Frameworks/Carbon.framework/Versions/A/Frameworks/Print.framework/Versions/A/Print
0x000000000c35d000 	/System/Library/Frameworks/Carbon.framework/Versions/A/Frameworks/SecurityHI.framework/Versions/A/SecurityHI

VM Arguments:
java_command: ../build/jar/Radikalchess.jar
Launcher Type: SUN_STANDARD

Environment Variables:
PATH=.:/opt/local/bin:/opt/local/sbin:/usr/local/bin:/usr/local/sbin:~/bin:/usr/bin:/bin:/usr/sbin:/sbin:/usr/local/bin:~/moai-sdk/bin/osx:~/depot_tools:/opt/X11/bin:/Developer/Tools/Panda3D:/usr/local/smlnj/bin:/Users/hobbes/.cabal/bin
SHELL=/bin/bash
DISPLAY=/tmp/launch-Jlf1Gj/org.macosforge.xquartz:0

Signal Handlers:
SIGSEGV: [libjvm.dylib+0x525425], sa_mask[0]=0xfffefeff, sa_flags=0x00000043
SIGBUS: [libjvm.dylib+0x525425], sa_mask[0]=0xfffefeff, sa_flags=0x00000042
SIGFPE: [libjvm.dylib+0x41892a], sa_mask[0]=0xfffefeff, sa_flags=0x00000042
SIGPIPE: [libjvm.dylib+0x41892a], sa_mask[0]=0xfffefeff, sa_flags=0x00000042
SIGXFSZ: [libjvm.dylib+0x41892a], sa_mask[0]=0xfffefeff, sa_flags=0x00000042
SIGILL: [libjvm.dylib+0x41892a], sa_mask[0]=0xfffefeff, sa_flags=0x00000042
SIGUSR1: SIG_DFL, sa_mask[0]=0x63807efb, sa_flags=0x00000000
SIGUSR2: [libjvm.dylib+0x41841c], sa_mask[0]=0x00000000, sa_flags=0x00000042
SIGHUP: [libjvm.dylib+0x4166ab], sa_mask[0]=0xfffefeff, sa_flags=0x00000042
SIGINT: [libjvm.dylib+0x4166ab], sa_mask[0]=0xfffefeff, sa_flags=0x00000042
SIGTERM: [libjvm.dylib+0x4166ab], sa_mask[0]=0xfffefeff, sa_flags=0x00000042
SIGQUIT: [libjvm.dylib+0x4166ab], sa_mask[0]=0xfffefeff, sa_flags=0x00000042


---------------  S Y S T E M  ---------------

OS:Bsduname:Darwin 12.4.0 Darwin Kernel Version 12.4.0: Wed May  1 17:57:12 PDT 2013; root:xnu-2050.24.15~1/RELEASE_X86_64 x86_64
rlimit: STACK 8192k, CORE 0k, NPROC 709, NOFILE 10240, AS infinity
load average:1.51 2.14 1.90

CPU:total 2 (2 cores per cpu, 1 threads per core) family 6 model 23 stepping 10, cmov, cx8, fxsr, mmx, sse, sse2, sse3, ssse3, sse4.1, tsc

Memory: 4k page, physical 8388608k(2097152k free)

/proc/meminfo:


vm_info: Java HotSpot(TM) 64-Bit Server VM (24.51-b03) for bsd-amd64 JRE (1.7.0_51-b13), built on Dec 18 2013 18:45:56 by "java_re" with gcc 4.2.1 (Based on Apple Inc. build 5658) (LLVM build 2336.11.00)

time: Mon May 12 12:46:01 2014
elapsed time: 1867 seconds

