Starting new Search
d1d2(
  d5c6(
    d2d3(
      a6b6(
      ) => -300
      a6b5(
      ) => -300
      a6a5(
      ) => -300
      c6b5(
      ) => -300
      c6a4(
      ) => -300
      c6d5(
      ) => -300
      c6c5(
      ) => -300
      c6c4(
      ) => -500
      c6d6(
      ) => -300
    ) => 300
    d2c2(
      a6b6(
      ) => -300
    ) => 300
    d2c3(
      a6b6(
      ) => -300
    ) => 300
    c4b5(
      a6b6(
      ) => -300
    ) => 300
    c4a6(
    ) => 9999999
  ) => -9999999
  d5c4(
    d2d3(
      c4d5(
      ) => -500
      c4b3(
      ) => -500
      c4d3(
      ) => -9999999
      c4c3(
      ) => -500
      c4c2(
      ) => -500
      c4d4(
      ) => -500
      a6b6(
      ) => -500
      a6b5(
      ) => -500
      a6a5(
      ) => -500
    ) => 500
    d2c2(
      c4b3(
      ) => -500
    ) => 500
    d2c3(
      c4b3(
      ) => -500
    ) => 500
  ) => -500
  d5d4(
    d2d3(
      d4c5(
      ) => -300
      d4c3(
      ) => -300
      d4c3(
      ) => -300
      d4d3(
      ) => -9999999
      d4c4(
      ) => -500
      a6b6(
      ) => -300
      a6b5(
      ) => -300
      a6a5(
      ) => -300
    ) => 300
    d2c2(
      d4c5(
      ) => -300
    ) => 300
    d2c3(
      d4c5(
      ) => -300
    ) => 300
    c4b5(
      d4c5(
      ) => -300
    ) => 300
    c4a6(
    ) => 9999999
  ) => -9999999
  d5d3(
    d2d3(
      a6b6(
      ) => 200
      a6b5(
      ) => 200
      a6a5(
      ) => 200
    ) => -200
    d2c2(
      d3c4(
      ) => -500
      d3c2(
      ) => -9999999
      d3d2(
      ) => -300
      d3d1(
      ) => -300
      d3c3(
      ) => -300
      d3b3(
      ) => -300
      a6b6(
      ) => -300
      a6b5(
      ) => -300
      a6a5(
      ) => -300
    ) => 300
    d2c3(
      d3c4(
      ) => -500
      d3c2(
      ) => -300
    ) => 300
    c4b5(
      d3b5(
      ) => -500
      d3c2(
      ) => -300
    ) => 300
    c4a6(
    ) => 9999999
  ) => -9999999
  d5d2(
  ) => -9999999
  d5a5(
    d2d3(
      a5b4(
      ) => -300
      a5c3(
      ) => -300
      a5d2(
      ) => -300
      a5a4(
      ) => -300
      a5a3(
      ) => -300
      a5a2(
      ) => -300
      a5a1(
      ) => -300
      a5b5(
      ) => -300
      a5c5(
      ) => -300
      a5d5(
      ) => -300
      a6b6(
      ) => -300
      a6b5(
      ) => -300
    ) => 300
    d2c2(
      a5b4(
      ) => -300
    ) => 300
    d2c3(
      a5b4(
      ) => -300
    ) => 300
    c4b5(
      a5b6(
      ) => -300
    ) => 300
    c4a6(
    ) => 9999999
  ) => -9999999
  a6b6(
    d2d3(
      d5c6(
      ) => -300
      d5c4(
      ) => -500
      d5d4(
      ) => -300
      d5d3(
      ) => -9999999
      b6c6(
      ) => -300
      b6c5(
      ) => -300
      b6b5(
      ) => -300
    ) => 300
    d2c2(
      d5c6(
      ) => -300
    ) => 300
    d2c3(
      d5c6(
      ) => -300
    ) => 300
    c4b5(
      d5c4(
      ) => -300
    ) => 300
    c4a6(
      d5c4(
      ) => -300
    ) => 300
    c4d5(
      b6c6(
      ) => 200
    ) => -200
  ) => -300
  a6b5(
    d2d3(
      b5c5(
      ) => -300
      b5c4(
      ) => -500
      b5b4(
      ) => -300
      d5c6(
      ) => -300
      d5c4(
      ) => -500
      d5d4(
      ) => -300
      d5d3(
      ) => -9999999
    ) => 300
  ) => -300
  a6a5(
    d2d3(
      a5b5(
      ) => -300
      a5b4(
      ) => -300
      a5a4(
      ) => -300
      d5c6(
      ) => -300
      d5c4(
      ) => -500
      d5d4(
      ) => -300
      d5d3(
      ) => -9999999
    ) => 300
  ) => -300
) => -300
d1c1(
  d5c6(
    c1c2(
      a6b6(
      ) => -300
      a6b5(
      ) => -300
      a6a5(
      ) => -300
      c6b5(
      ) => -300
      c6a4(
      ) => -300
      c6d5(
      ) => -300
      c6c5(
      ) => -300
      c6c4(
      ) => -500
    ) => 300
    c1d2(
      a6b6(
      ) => -300
    ) => 300
    c1b1(
      a6b6(
      ) => -300
    ) => 300
    c1b2(
      a6b6(
      ) => -300
    ) => 300
    c4b5(
      a6b6(
      ) => -300
    ) => 300
    c4a6(
    ) => 9999999
  ) => -9999999
  d5c4(
    c1c2(
      c4b3(
      ) => -500
      c4a2(
      ) => -500
      c4d3(
      ) => -500
      c4c3(
      ) => -500
      c4c2(
      ) => -9999999
      c4a4(
      ) => -500
      a6b6(
      ) => -500
      a6b5(
      ) => -500
      a6a5(
      ) => -500
    ) => 500
    c1d2(
      c4d5(
      ) => -500
    ) => 500
    c1b1(
      c4b5(
      ) => -500
    ) => 500
    c1b2(
      c4b5(
      ) => -500
    ) => 500
  ) => -500
  d5d4(
    c1c2(
      d4c5(
      ) => -300
      d4c3(
      ) => -300
      d4b2(
      ) => -300
      d4d3(
      ) => -300
      d4d2(
      ) => -300
      d4d1(
      ) => -300
      d4c4(
      ) => -500
      a6b6(
      ) => -300
      a6b5(
      ) => -300
      a6a5(
      ) => -300
    ) => 300
    c1d2(
      d4c5(
      ) => -300
    ) => 300
    c1b1(
      d4c5(
      ) => -300
    ) => 300
    c1b2(
      d4c5(
      ) => -300
    ) => 300
    c4b5(
      d4c5(
      ) => -300
    ) => 300
    c4a6(
    ) => 9999999
  ) => -9999999
  d5d3(
    c1c2(
      d3c4(
      ) => -500
      d3c2(
      ) => -9999999
      d3d2(
      ) => -300
      d3d1(
      ) => -300
      d3c3(
      ) => -300
      d3b3(
      ) => -300
      a6b6(
      ) => -300
      a6b5(
      ) => -300
      a6a5(
      ) => -300
    ) => 300
    c1d2(
      d3c4(
      ) => -500
      d3c2(
      ) => -300
    ) => 300
    c1b1(
      d3c4(
      ) => -500
      d3c2(
      ) => -300
    ) => 300
    c1b2(
      d3c4(
      ) => -500
      d3c2(
      ) => -300
    ) => 300
    c4b5(
      d3c4(
      ) => -300
    ) => 300
    c4a6(
    ) => 9999999
  ) => -9999999
  d5d2(
    c1c2(
      d2c3(
      ) => -300
      d2c3(
      ) => -300
      d2b4(
      ) => -300
      d2c1(
      ) => -300
      d2d3(
      ) => -300
      d2d1(
      ) => -300
      d2c2(
      ) => -9999999
      a6b6(
      ) => -300
      a6b5(
      ) => -300
      a6a5(
      ) => -300
    ) => 300
    c1d2(
      a6b6(
      ) => 200
    ) => -200
    c1b1(
      d2c3(
      ) => -300
    ) => 300
    c1b2(
      d2c3(
      ) => -300
    ) => 300
    c4b5(
      d2c3(
      ) => -300
    ) => 300
    c4a6(
    ) => 9999999
  ) => -9999999
  d5d1(
    c1c2(
      d1c2(
      ) => -9999999
      d1d2(
      ) => -300
      d1d3(
      ) => -300
      d1c1(
      ) => -300
      d1b1(
      ) => -300
      a6b6(
      ) => -300
      a6b5(
      ) => -300
      a6a5(
      ) => -300
    ) => 300
    c1d2(
      d1c2(
      ) => -300
    ) => 300
    c1d1(
      a6b6(
      ) => 200
    ) => -200
    c1b1(
      d1c2(
      ) => -300
    ) => 300
    c1b2(
      d1c2(
      ) => -300
    ) => 300
    c4b5(
      d1c2(
      ) => -300
    ) => 300
    c4a6(
    ) => 9999999
  ) => -9999999
  d5c5(
    c1c2(
      c5b4(
      ) => -300
      c5a3(
      ) => -300
      c5d4(
      ) => -300
      c5c4(
      ) => -500
      a6b6(
      ) => -300
      a6b5(
      ) => -300
      a6a5(
      ) => -300
    ) => 300
    c1d2(
      c5d6(
      ) => -300
    ) => 300
    c1b1(
      c5b6(
      ) => -300
    ) => 300
    c1b2(
      c5b6(
      ) => -300
    ) => 300
    c4b5(
      c5b6(
      ) => -300
    ) => 300
    c4a6(
    ) => 9999999
  ) => -9999999
  d5b5(
    c1c2(
      b5c6(
      ) => -300
      b5a4(
      ) => -300
      b5c4(
      ) => -500
      b5b4(
      ) => -300
      b5b3(
      ) => -300
      b5b2(
      ) => -300
      b5b1(
      ) => -300
      b5c5(
      ) => -300
      b5d5(
      ) => -300
      a6b6(
      ) => -300
      a6a5(
      ) => -300
    ) => 300
    c1d2(
      b5c6(
      ) => -300
    ) => 300
    c1b1(
      b5c6(
      ) => -300
    ) => 300
    c1b2(
      b5c6(
      ) => -300
    ) => 300
    c4b5(
      a6b6(
      ) => 200
    ) => -200
  ) => -300
  a6b6(
    c1c2(
      d5c6(
      ) => -300
      d5c4(
      ) => -500
      d5d4(
      ) => -300
      d5d3(
      ) => -300
      d5d2(
      ) => -300
      d5d1(
      ) => -300
      d5c5(
      ) => -300
      d5b5(
      ) => -300
      b6c6(
      ) => -300
      b6c5(
      ) => -300
      b6b5(
      ) => -300
      b6a5(
      ) => -300
    ) => 300
  ) => -300
  a6b5(
    c1c2(
      b5c5(
      ) => -300
      b5c4(
      ) => -500
      b5b4(
      ) => -300
      b5a4(
      ) => -300
      d5c6(
      ) => -300
      d5c4(
      ) => -500
      d5d4(
      ) => -300
      d5d3(
      ) => -300
      d5d2(
      ) => -300
      d5d1(
      ) => -300
      d5c5(
      ) => -300
    ) => 300
  ) => -300
  a6a5(
    c1c2(
      a5b5(
      ) => -300
      a5b4(
      ) => -300
      a5a4(
      ) => -300
      d5c6(
      ) => -300
      d5c4(
      ) => -500
      d5d4(
      ) => -300
      d5d3(
      ) => -300
      d5d2(
      ) => -300
      d5d1(
      ) => -300
      d5c5(
      ) => -300
      d5b5(
      ) => -300
    ) => 300
  ) => -300
) => -300
d1c2(
  d5c6(
    c2c3(
      a6b6(
      ) => -300
      a6b5(
      ) => -300
      a6a5(
      ) => -300
      c6b5(
      ) => -300
      c6a4(
      ) => -300
      c6d5(
      ) => -300
      c6c5(
      ) => -300
      c6c4(
      ) => -500
    ) => 300
    c2d3(
      a6b6(
      ) => -300
    ) => 300
    c2b2(
      a6b6(
      ) => -300
    ) => 300
    c2b3(
      a6b6(
      ) => -300
    ) => 300
    c4b5(
      a6b6(
      ) => -300
    ) => 300
    c4a6(
    ) => 9999999
  ) => -9999999
  d5c4(
    c2c3(
      c4b3(
      ) => -500
      c4d3(
      ) => -500
      c4c3(
      ) => -9999999
      c4b4(
      ) => -500
      c4d4(
      ) => -500
      a6b6(
      ) => -500
      a6b5(
      ) => -500
      a6a5(
      ) => -500
    ) => 500
    c2d3(
      c4d5(
      ) => -500
    ) => 500
    c2b2(
      c4b5(
      ) => -500
    ) => 500
    c2b3(
      c4b5(
      ) => -500
    ) => 500
  ) => -500
  d5d4(
    c2c3(
      d4c5(
      ) => -300
      d4c3(
      ) => -9999999
      d4d3(
      ) => -300
      d4d2(
      ) => -300
      d4c4(
      ) => -500
      a6b6(
      ) => -300
      a6b5(
      ) => -300
      a6a5(
      ) => -300
    ) => 300
    c2d3(
      d4c5(
      ) => -300
    ) => 300
    c2b2(
      d4c5(
      ) => -300
    ) => 300
    c2b3(
      d4c5(
      ) => -300
    ) => 300
    c4b5(
      d4c5(
      ) => -300
    ) => 300
    c4a6(
    ) => 9999999
  ) => -9999999
  d5d3(
    c2c3(
      d3c4(
      ) => -500
      d3c2(
      ) => -300
      d3d4(
      ) => -300
      d3d2(
      ) => -300
      d3c3(
      ) => -9999999
      a6b6(
      ) => -300
      a6b5(
      ) => -300
      a6a5(
      ) => -300
    ) => 300
    c2d3(
      a6b6(
      ) => 200
    ) => -200
    c2b2(
      d3c4(
      ) => -500
      d3c2(
      ) => -300
    ) => 300
    c2b3(
      d3c4(
      ) => -500
      d3c2(
      ) => -300
    ) => 300
    c4b5(
      d3c4(
      ) => -300
    ) => 300
    c4a6(
    ) => 9999999
  ) => -9999999
  d5d2(
    c2c3(
      d2c3(
      ) => -9999999
      d2c1(
      ) => -300
      d2d3(
      ) => -300
      d2d4(
      ) => -300
      d2c2(
      ) => -300
      d2b2(
      ) => -300
      a6b6(
      ) => -300
      a6b5(
      ) => -300
      a6a5(
      ) => -300
    ) => 300
    c2d3(
      d2c3(
      ) => -300
    ) => 300
    c2d2(
      a6b6(
      ) => 200
    ) => -200
    c2b2(
      d2c3(
      ) => -300
    ) => 300
    c2b3(
      d2c3(
      ) => -300
    ) => 300
    c4b5(
      d2c3(
      ) => -300
    ) => 300
    c4a6(
    ) => 9999999
  ) => -9999999
  d5d1(
    c2c3(
      d1c2(
      ) => -300
      d1b3(
      ) => -300
      d1a4(
      ) => -300
      d1d2(
      ) => -300
      d1d3(
      ) => -300
      d1d4(
      ) => -300
      d1d5(
      ) => -300
      d1c1(
      ) => -300
      d1b1(
      ) => -300
      d1a1(
      ) => -300
      a6b6(
      ) => -300
      a6b5(
      ) => -300
      a6a5(
      ) => -300
    ) => 300
    c2d3(
      d1c2(
      ) => -300
    ) => 300
    c2d1(
      a6b6(
      ) => 200
    ) => -200
    c2b2(
      d1c2(
      ) => -300
    ) => 300
    c2b3(
      d1c2(
      ) => -300
    ) => 300
    c4b5(
      d1c2(
      ) => -9999999
      d1d2(
      ) => -300
    ) => 300
    c4a6(
    ) => 9999999
  ) => -9999999
  d5c5(
    c2c3(
      c5b4(
      ) => -300
      c5a3(
      ) => -300
      c5d4(
      ) => -300
      c5c4(
      ) => -500
      c5a5(
      ) => -300
      a6b6(
      ) => -300
      a6b5(
      ) => -300
      a6a5(
      ) => -300
    ) => 300
    c2d3(
      c5d6(
      ) => -300
    ) => 300
    c2b2(
      c5b6(
      ) => -300
    ) => 300
    c2b3(
      c5b6(
      ) => -300
    ) => 300
    c4b5(
      c5b6(
      ) => -300
    ) => 300
    c4a6(
    ) => 9999999
  ) => -9999999
  d5b5(
    c2c3(
      b5c6(
      ) => -300
      b5a4(
      ) => -300
      b5c4(
      ) => -500
      b5b4(
      ) => -300
      b5b3(
      ) => -300
      b5b2(
      ) => -300
      b5b1(
      ) => -300
      b5a5(
      ) => -300
      b5c5(
      ) => -300
      b5d5(
      ) => -300
      a6b6(
      ) => -300
      a6a5(
      ) => -300
    ) => 300
    c2d3(
      b5c6(
      ) => -300
    ) => 300
    c2b2(
      b5c6(
      ) => -300
    ) => 300
    c2b3(
      b5c6(
      ) => -300
    ) => 300
    c4b5(
      a6b6(
      ) => 200
    ) => -200
  ) => -300
  a6b6(
    c2c3(
      d5c6(
      ) => -300
      d5c4(
      ) => -500
      d5d4(
      ) => -300
      d5d3(
      ) => -300
      d5d2(
      ) => -300
      d5d1(
      ) => -300
      d5c5(
      ) => -300
      d5b5(
      ) => -300
      d5a5(
      ) => -300
      b6c6(
      ) => -300
      b6c5(
      ) => -300
      b6b5(
      ) => -300
      b6a5(
      ) => -300
    ) => 300
  ) => -300
  a6b5(
    c2c3(
      b5c5(
      ) => -300
      b5c4(
      ) => -500
      b5b4(
      ) => -300
      d5c6(
      ) => -300
      d5c4(
      ) => -500
      d5d4(
      ) => -300
      d5d3(
      ) => -300
      d5d2(
      ) => -300
      d5d1(
      ) => -300
      d5c5(
      ) => -300
    ) => 300
  ) => -300
  a6a5(
    c2c3(
      a5b5(
      ) => -300
      a5b4(
      ) => -300
      a5a4(
      ) => -300
      d5c6(
      ) => -300
      d5c4(
      ) => -500
      d5d4(
      ) => -300
      d5d3(
      ) => -300
      d5d2(
      ) => -300
      d5d1(
      ) => -300
      d5c5(
      ) => -300
      d5b5(
      ) => -300
    ) => 300
  ) => -300
) => -300
c4b5(
  d5c4(
    d1d2(
      c4b5(
      ) => -500
      c4d5(
      ) => -300
      c4d5(
      ) => -300
      c4b3(
      ) => -300
      c4a2(
      ) => -300
      c4d3(
      ) => -300
      c4c3(
      ) => -300
      c4c2(
      ) => -300
      c4c1(
      ) => -300
      c4b4(
      ) => -300
      c4d4(
      ) => -300
      a6b6(
      ) => -300
      a6b5(
      ) => -500
      a6a5(
      ) => -300
    ) => 300
    d1c1(
      c4b5(
      ) => -500
      c4d5(
      ) => -300
    ) => 300
    d1c2(
      c4b5(
      ) => -500
      c4d5(
      ) => -300
    ) => 300
    b5a6(
    ) => 9999999
  ) => -9999999
  d5b3(
    d1d2(
      b3d5(
      ) => -300
      b3d5(
      ) => -300
      b3a2(
      ) => -300
      b3c2(
      ) => -300
      b3d1(
      ) => -300
      b3b4(
      ) => -300
      b3b5(
      ) => -500
      b3b2(
      ) => -300
      b3b1(
      ) => -300
      b3c3(
      ) => -300
      b3d3(
      ) => -300
      a6b6(
      ) => -300
      a6b5(
      ) => -500
      a6a5(
      ) => -300
    ) => 300
    d1c1(
      b3c4(
      ) => -300
    ) => 300
    d1c2(
      b3c4(
      ) => -300
    ) => 300
    b5a6(
    ) => 9999999
  ) => -9999999
  d5a2(
    d1d2(
      a2b3(
      ) => -300
      a2c4(
      ) => -300
      a2d5(
      ) => -300
      a2d5(
      ) => -300
      a2b1(
      ) => -300
      a2a5(
      ) => -300
      a2b2(
      ) => -300
      a2c2(
      ) => -300
      a2d2(
      ) => -9999999
      a6b6(
      ) => -300
      a6b5(
      ) => -500
      a6a5(
      ) => -300
    ) => 300
    d1c1(
      a2b3(
      ) => -300
    ) => 300
    d1c2(
      a2b3(
      ) => -300
    ) => 300
    b5a6(
    ) => 9999999
  ) => -9999999
  d5d4(
    d1d2(
      d4c5(
      ) => -300
      d4b6(
      ) => -300
      d4c3(
      ) => -300
      d4b2(
      ) => -300
      d4b2(
      ) => -300
      d4d3(
      ) => -300
      d4d2(
      ) => -9999999
      d4b4(
      ) => -300
      a6b6(
      ) => -300
      a6b5(
      ) => -500
      a6a5(
      ) => -300
    ) => 300
    d1c1(
      d4c5(
      ) => -300
    ) => 300
    d1c2(
      d4c5(
      ) => -300
    ) => 300
    b5a6(
    ) => 9999999
  ) => -9999999
  d5d3(
    d1d2(
      d3b5(
      ) => -500
      d3c2(
      ) => -300
      d3b1(
      ) => -300
      d3d2(
      ) => -9999999
      d3c3(
      ) => -300
      a6b6(
      ) => -300
      a6b5(
      ) => -500
      a6a5(
      ) => -300
    ) => 300
    d1c1(
      d3c4(
      ) => -300
    ) => 300
    d1c2(
      d3c4(
      ) => -300
    ) => 300
    b5a6(
    ) => 9999999
  ) => -9999999
  d5d2(
    d1d2(
      a6b6(
      ) => 200
      a6b5(
      ) => 0
      a6a5(
      ) => 200
    ) => -200
    d1c1(
      d2c3(
      ) => -300
      d2b4(
      ) => -300
      d2a5(
      ) => -300
      d2c1(
      ) => -9999999
      d2d1(
      ) => -300
      d2c2(
      ) => -300
      d2b2(
      ) => -300
      a6b6(
      ) => -300
      a6b5(
      ) => -500
      a6a5(
      ) => -300
    ) => 300
    d1c2(
      d2c3(
      ) => -300
    ) => 300
    b5a6(
    ) => 9999999
  ) => -9999999
  d5d1(
  ) => -9999999
  d5b5(
    d1d2(
      b5c4(
      ) => -500
      b5d3(
      ) => -500
      b5b4(
      ) => -500
      b5b3(
      ) => -500
      b5b2(
      ) => -500
      b5b1(
      ) => -500
      b5a5(
      ) => -500
      b5c5(
      ) => -500
      b5d5(
      ) => -500
      a6b6(
      ) => -500
      a6a5(
      ) => -500
    ) => 500
    d1c1(
      b5c6(
      ) => -500
    ) => 500
    d1c2(
      b5c6(
      ) => -500
    ) => 500
  ) => -500
  a6b6(
    d1d2(
      d5c4(
      ) => -300
      d5b3(
      ) => -300
      d5a2(
      ) => -300
      d5d4(
      ) => -300
      d5d3(
      ) => -300
      d5d2(
      ) => -9999999
      d5b5(
      ) => -500
      b6c6(
      ) => -300
      b6c5(
      ) => -300
      b6b5(
      ) => -500
      b6a5(
      ) => -300
    ) => 300
    d1c1(
      d5c6(
      ) => -300
    ) => 300
    d1c2(
      d5c6(
      ) => -300
    ) => 300
  ) => -300
  a6b5(
    d1d2(
      b5c5(
      ) => -500
      b5c4(
      ) => -500
      b5b4(
      ) => -500
      d5c4(
      ) => -500
      d5b3(
      ) => -500
      d5a2(
      ) => -500
      d5d4(
      ) => -500
      d5d3(
      ) => -500
      d5d2(
      ) => -9999999
    ) => 500
  ) => -500
  a6a5(
    d1d2(
      a5b5(
      ) => -500
      a5b4(
      ) => -300
      a5a4(
      ) => -300
      d5c4(
      ) => -300
      d5b3(
      ) => -300
      d5a2(
      ) => -300
      d5d4(
      ) => -300
      d5d3(
      ) => -300
      d5d2(
      ) => -9999999
      d5b5(
      ) => -500
    ) => 300
  ) => -300
) => -300
c4a6(
) => -9999999
c4d5(
  a6b6(
    d1d2(
      b6c6(
      ) => 200
      b6c5(
      ) => 200
      b6b5(
      ) => 200
      b6a5(
      ) => 200
    ) => -200
    d1c1(
      b6c6(
      ) => 200
    ) => -200
    d1c2(
      b6c6(
      ) => 200
    ) => -200
    d5c6(
      b6c6(
      ) => 0
      b6c5(
      ) => 200
    ) => -200
  ) => 200
  a6b5(
    d1d2(
      b5c5(
      ) => 200
      b5c4(
      ) => 200
      b5b4(
      ) => 200
    ) => -200
  ) => 200
  a6a5(
    d1d2(
      a5b5(
      ) => 200
      a5b4(
      ) => 200
      a5a4(
      ) => 200
    ) => -200
  ) => 200
) => 200
